Analysis & Synthesis report for g14_lab4
Mon Nov 21 14:28:26 2011
Quartus II Version 9.0 Build 235 06/17/2009 Service Pack 2 SJ Full Version


---------------------
; Table of Contents ;
---------------------
  1. Legal Notice
  2. Analysis & Synthesis Summary
  3. Analysis & Synthesis Settings
  4. Analysis & Synthesis Source Files Read
  5. Analysis & Synthesis Resource Usage Summary
  6. Analysis & Synthesis Resource Utilization by Entity
  7. Registers Removed During Synthesis
  8. General Register Statistics
  9. Analysis & Synthesis Messages



----------------
; Legal Notice ;
----------------
Copyright (C) 1991-2009 Altera Corporation
Your use of Altera Corporation's design tools, logic functions 
and other software and tools, and its AMPP partner logic 
functions, and any output files from any of the foregoing 
(including device programming or simulation files), and any 
associated documentation or information are expressly subject 
to the terms and conditions of the Altera Program License 
Subscription Agreement, Altera MegaCore Function License 
Agreement, or other applicable license agreement, including, 
without limitation, that your use is for the sole purpose of 
programming logic devices manufactured by Altera and sold by 
Altera or its authorized distributors.  Please refer to the 
applicable agreement for further details.



+------------------------------------------------------------------------------------+
; Analysis & Synthesis Summary                                                       ;
+------------------------------------+-----------------------------------------------+
; Analysis & Synthesis Status        ; Successful - Mon Nov 21 14:28:26 2011         ;
; Quartus II Version                 ; 9.0 Build 235 06/17/2009 SP 2 SJ Full Version ;
; Revision Name                      ; g14_lab4                                      ;
; Top-level Entity Name              ; g14_sp_player_combined                        ;
; Family                             ; Cyclone II                                    ;
; Total logic elements               ; 120                                           ;
;     Total combinational functions  ; 111                                           ;
;     Dedicated logic registers      ; 65                                            ;
; Total registers                    ; 65                                            ;
; Total pins                         ; 29                                            ;
; Total virtual pins                 ; 0                                             ;
; Total memory bits                  ; 0                                             ;
; Embedded Multiplier 9-bit elements ; 0                                             ;
; Total PLLs                         ; 0                                             ;
+------------------------------------+-----------------------------------------------+


+------------------------------------------------------------------------------------------------------------+
; Analysis & Synthesis Settings                                                                              ;
+--------------------------------------------------------------+------------------------+--------------------+
; Option                                                       ; Setting                ; Default Value      ;
+--------------------------------------------------------------+------------------------+--------------------+
; Device                                                       ; EP2C20F484C7           ;                    ;
; Top-level entity name                                        ; g14_sp_player_combined ; g14_lab4           ;
; Family name                                                  ; Cyclone II             ; Stratix II         ;
; Use Generated Physical Constraints File                      ; Off                    ;                    ;
; Use smart compilation                                        ; Off                    ; Off                ;
; Restructure Multiplexers                                     ; Auto                   ; Auto               ;
; Create Debugging Nodes for IP Cores                          ; Off                    ; Off                ;
; Preserve fewer node names                                    ; On                     ; On                 ;
; Disable OpenCore Plus hardware evaluation                    ; Off                    ; Off                ;
; Verilog Version                                              ; Verilog_2001           ; Verilog_2001       ;
; VHDL Version                                                 ; VHDL93                 ; VHDL93             ;
; State Machine Processing                                     ; Auto                   ; Auto               ;
; Safe State Machine                                           ; Off                    ; Off                ;
; Extract Verilog State Machines                               ; On                     ; On                 ;
; Extract VHDL State Machines                                  ; On                     ; On                 ;
; Ignore Verilog initial constructs                            ; Off                    ; Off                ;
; Iteration limit for constant Verilog loops                   ; 5000                   ; 5000               ;
; Iteration limit for non-constant Verilog loops               ; 250                    ; 250                ;
; Add Pass-Through Logic to Inferred RAMs                      ; On                     ; On                 ;
; Parallel Synthesis                                           ; Off                    ; Off                ;
; DSP Block Balancing                                          ; Auto                   ; Auto               ;
; NOT Gate Push-Back                                           ; On                     ; On                 ;
; Power-Up Don't Care                                          ; On                     ; On                 ;
; Remove Redundant Logic Cells                                 ; Off                    ; Off                ;
; Remove Duplicate Registers                                   ; On                     ; On                 ;
; Ignore CARRY Buffers                                         ; Off                    ; Off                ;
; Ignore CASCADE Buffers                                       ; Off                    ; Off                ;
; Ignore GLOBAL Buffers                                        ; Off                    ; Off                ;
; Ignore ROW GLOBAL Buffers                                    ; Off                    ; Off                ;
; Ignore LCELL Buffers                                         ; Off                    ; Off                ;
; Ignore SOFT Buffers                                          ; On                     ; On                 ;
; Limit AHDL Integers to 32 Bits                               ; Off                    ; Off                ;
; Optimization Technique                                       ; Balanced               ; Balanced           ;
; Carry Chain Length                                           ; 70                     ; 70                 ;
; Auto Carry Chains                                            ; On                     ; On                 ;
; Auto Open-Drain Pins                                         ; On                     ; On                 ;
; Perform WYSIWYG Primitive Resynthesis                        ; Off                    ; Off                ;
; Auto ROM Replacement                                         ; On                     ; On                 ;
; Auto RAM Replacement                                         ; On                     ; On                 ;
; Auto Shift Register Replacement                              ; Auto                   ; Auto               ;
; Auto Clock Enable Replacement                                ; On                     ; On                 ;
; Strict RAM Replacement                                       ; Off                    ; Off                ;
; Allow Synchronous Control Signals                            ; On                     ; On                 ;
; Force Use of Synchronous Clear Signals                       ; Off                    ; Off                ;
; Auto RAM to Logic Cell Conversion                            ; Off                    ; Off                ;
; Auto Resource Sharing                                        ; Off                    ; Off                ;
; Allow Any RAM Size For Recognition                           ; Off                    ; Off                ;
; Allow Any ROM Size For Recognition                           ; Off                    ; Off                ;
; Allow Any Shift Register Size For Recognition                ; Off                    ; Off                ;
; Use LogicLock Constraints during Resource Balancing          ; On                     ; On                 ;
; Ignore translate_off and synthesis_off directives            ; Off                    ; Off                ;
; Timing-Driven Synthesis                                      ; Off                    ; Off                ;
; Show Parameter Settings Tables in Synthesis Report           ; On                     ; On                 ;
; Ignore Maximum Fan-Out Assignments                           ; Off                    ; Off                ;
; Synchronization Register Chain Length                        ; 2                      ; 2                  ;
; PowerPlay Power Optimization                                 ; Normal compilation     ; Normal compilation ;
; HDL message level                                            ; Level2                 ; Level2             ;
; Suppress Register Optimization Related Messages              ; Off                    ; Off                ;
; Number of Removed Registers Reported in Synthesis Report     ; 100                    ; 100                ;
; Number of Inverted Registers Reported in Synthesis Report    ; 100                    ; 100                ;
; Clock MUX Protection                                         ; On                     ; On                 ;
; Auto Gated Clock Conversion                                  ; Off                    ; Off                ;
; Block Design Naming                                          ; Auto                   ; Auto               ;
; SDC constraint protection                                    ; Off                    ; Off                ;
; Synthesis Effort                                             ; Auto                   ; Auto               ;
; Shift Register Replacement - Allow Asynchronous Clear Signal ; On                     ; On                 ;
; Analysis & Synthesis Message Level                           ; Medium                 ; Medium             ;
+--------------------------------------------------------------+------------------------+--------------------+


+----------------------------------------------------------------------------------------------------------------------------------+
; Analysis & Synthesis Source Files Read                                                                                           ;
+----------------------------------+-----------------+------------------------------------+----------------------------------------+
; File Name with User-Entered Path ; Used in Netlist ; File Type                          ; File Name with Absolute Path           ;
+----------------------------------+-----------------+------------------------------------+----------------------------------------+
; g14_gra_arr.vhd                  ; yes             ; User VHDL File                     ; H:/dsd/lab4/g14_gra_arr.vhd            ;
; g14_sp_player.vhd                ; yes             ; User VHDL File                     ; H:/dsd/lab4/g14_sp_player.vhd          ;
; g14_sp_player_combined.bdf       ; yes             ; User Block Diagram/Schematic File  ; H:/dsd/lab4/g14_sp_player_combined.bdf ;
+----------------------------------+-----------------+------------------------------------+----------------------------------------+


+-----------------------------------------------------+
; Analysis & Synthesis Resource Usage Summary         ;
+---------------------------------------------+-------+
; Resource                                    ; Usage ;
+---------------------------------------------+-------+
; Estimated Total logic elements              ; 120   ;
;                                             ;       ;
; Total combinational functions               ; 111   ;
; Logic element usage by number of LUT inputs ;       ;
;     -- 4 input functions                    ; 77    ;
;     -- 3 input functions                    ; 25    ;
;     -- <=2 input functions                  ; 9     ;
;                                             ;       ;
; Logic elements by mode                      ;       ;
;     -- normal mode                          ; 111   ;
;     -- arithmetic mode                      ; 0     ;
;                                             ;       ;
; Total registers                             ; 65    ;
;     -- Dedicated logic registers            ; 65    ;
;     -- I/O registers                        ; 0     ;
;                                             ;       ;
; I/O pins                                    ; 29    ;
; Maximum fan-out node                        ; clk   ;
; Maximum fan-out                             ; 65    ;
; Total fan-out                               ; 597   ;
; Average fan-out                             ; 2.91  ;
+---------------------------------------------+-------+


+-----------------------------------------------------------------------------------------------------------------------------------------------------------------------------------------------------+
; Analysis & Synthesis Resource Utilization by Entity                                                                                                                                                 ;
+----------------------------+-------------------+--------------+-------------+--------------+---------+-----------+------+--------------+---------------------------------------------+--------------+
; Compilation Hierarchy Node ; LC Combinationals ; LC Registers ; Memory Bits ; DSP Elements ; DSP 9x9 ; DSP 18x18 ; Pins ; Virtual Pins ; Full Hierarchy Name                         ; Library Name ;
+----------------------------+-------------------+--------------+-------------+--------------+---------+-----------+------+--------------+---------------------------------------------+--------------+
; |g14_sp_player_combined    ; 111 (0)           ; 65 (0)       ; 0           ; 0            ; 0       ; 0         ; 29   ; 0            ; |g14_sp_player_combined                     ; work         ;
;    |g14_gra_arr:inst|      ; 103 (103)         ; 50 (50)      ; 0           ; 0            ; 0       ; 0         ; 0    ; 0            ; |g14_sp_player_combined|g14_gra_arr:inst    ; work         ;
;    |g14_sp_player:inst4|   ; 8 (8)             ; 15 (15)      ; 0           ; 0            ; 0       ; 0         ; 0    ; 0            ; |g14_sp_player_combined|g14_sp_player:inst4 ; work         ;
+----------------------------+-------------------+--------------+-------------+--------------+---------+-----------+------+--------------+---------------------------------------------+--------------+
Note: For table entries with two numbers listed, the numbers in parentheses indicate the number of resources of the given type used by the specific entity alone. The numbers listed outside of parentheses indicate the total resources of the given type used by the specific entity and all of its sub-entities in the hierarchy.


+---------------------------------------------------------------------------------------+
; Registers Removed During Synthesis                                                    ;
+----------------------------------------+----------------------------------------------+
; Register name                          ; Reason for Removal                           ;
+----------------------------------------+----------------------------------------------+
; g14_sp_player:inst4|gra_in_temp[0..1]  ; Stuck at VCC due to stuck port data_in       ;
; g14_gra_arr:inst|gra_arr[0][0]         ; Merged with g14_gra_arr:inst|gra_arr[0][1]   ;
; g14_gra_arr:inst|gra_arr[0][2]         ; Merged with g14_gra_arr:inst|gra_arr[0][3]   ;
; g14_gra_arr:inst|gra_arr[0][4]         ; Merged with g14_gra_arr:inst|gra_arr[0][5]   ;
; g14_gra_arr:inst|gra_arr[0][6]         ; Merged with g14_gra_arr:inst|gra_arr[0][7]   ;
; g14_gra_arr:inst|gra_arr[0][8]         ; Merged with g14_gra_arr:inst|gra_arr[0][9]   ;
; g14_gra_arr:inst|gra_arr[0][10]        ; Merged with g14_gra_arr:inst|gra_arr[0][11]  ;
; g14_gra_arr:inst|gra_arr[0][12]        ; Merged with g14_gra_arr:inst|gra_arr[0][13]  ;
; g14_gra_arr:inst|gra_arr[1][0]         ; Merged with g14_gra_arr:inst|gra_arr[1][1]   ;
; g14_gra_arr:inst|gra_arr[1][2]         ; Merged with g14_gra_arr:inst|gra_arr[1][3]   ;
; g14_gra_arr:inst|gra_arr[1][4]         ; Merged with g14_gra_arr:inst|gra_arr[1][5]   ;
; g14_gra_arr:inst|gra_arr[1][6]         ; Merged with g14_gra_arr:inst|gra_arr[1][7]   ;
; g14_gra_arr:inst|gra_arr[1][8]         ; Merged with g14_gra_arr:inst|gra_arr[1][9]   ;
; g14_gra_arr:inst|gra_arr[1][10]        ; Merged with g14_gra_arr:inst|gra_arr[1][11]  ;
; g14_gra_arr:inst|gra_arr[1][12]        ; Merged with g14_gra_arr:inst|gra_arr[1][13]  ;
; g14_gra_arr:inst|gra_arr[2][0]         ; Merged with g14_gra_arr:inst|gra_arr[2][1]   ;
; g14_gra_arr:inst|gra_arr[2][2]         ; Merged with g14_gra_arr:inst|gra_arr[2][3]   ;
; g14_gra_arr:inst|gra_arr[2][4]         ; Merged with g14_gra_arr:inst|gra_arr[2][5]   ;
; g14_gra_arr:inst|gra_arr[2][6]         ; Merged with g14_gra_arr:inst|gra_arr[2][7]   ;
; g14_gra_arr:inst|gra_arr[2][8]         ; Merged with g14_gra_arr:inst|gra_arr[2][9]   ;
; g14_gra_arr:inst|gra_arr[2][10]        ; Merged with g14_gra_arr:inst|gra_arr[2][11]  ;
; g14_gra_arr:inst|gra_arr[2][12]        ; Merged with g14_gra_arr:inst|gra_arr[2][13]  ;
; g14_gra_arr:inst|gra_arr[3][0]         ; Merged with g14_gra_arr:inst|gra_arr[3][1]   ;
; g14_gra_arr:inst|gra_arr[3][2]         ; Merged with g14_gra_arr:inst|gra_arr[3][3]   ;
; g14_gra_arr:inst|gra_arr[3][4]         ; Merged with g14_gra_arr:inst|gra_arr[3][5]   ;
; g14_gra_arr:inst|gra_arr[3][6]         ; Merged with g14_gra_arr:inst|gra_arr[3][7]   ;
; g14_gra_arr:inst|gra_arr[3][8]         ; Merged with g14_gra_arr:inst|gra_arr[3][9]   ;
; g14_gra_arr:inst|gra_arr[3][10]        ; Merged with g14_gra_arr:inst|gra_arr[3][11]  ;
; g14_gra_arr:inst|gra_arr[3][12]        ; Merged with g14_gra_arr:inst|gra_arr[3][13]  ;
; g14_gra_arr:inst|gra_arr[4][0]         ; Merged with g14_gra_arr:inst|gra_arr[4][1]   ;
; g14_gra_arr:inst|gra_arr[4][2]         ; Merged with g14_gra_arr:inst|gra_arr[4][3]   ;
; g14_gra_arr:inst|gra_arr[4][4]         ; Merged with g14_gra_arr:inst|gra_arr[4][5]   ;
; g14_gra_arr:inst|gra_arr[4][6]         ; Merged with g14_gra_arr:inst|gra_arr[4][7]   ;
; g14_gra_arr:inst|gra_arr[4][8]         ; Merged with g14_gra_arr:inst|gra_arr[4][9]   ;
; g14_gra_arr:inst|gra_arr[4][10]        ; Merged with g14_gra_arr:inst|gra_arr[4][11]  ;
; g14_gra_arr:inst|gra_arr[4][12]        ; Merged with g14_gra_arr:inst|gra_arr[4][13]  ;
; g14_gra_arr:inst|gra_arr[5][0]         ; Merged with g14_gra_arr:inst|gra_arr[5][1]   ;
; g14_gra_arr:inst|gra_arr[5][2]         ; Merged with g14_gra_arr:inst|gra_arr[5][3]   ;
; g14_gra_arr:inst|gra_arr[5][4]         ; Merged with g14_gra_arr:inst|gra_arr[5][5]   ;
; g14_gra_arr:inst|gra_arr[5][6]         ; Merged with g14_gra_arr:inst|gra_arr[5][7]   ;
; g14_gra_arr:inst|gra_arr[5][8]         ; Merged with g14_gra_arr:inst|gra_arr[5][9]   ;
; g14_gra_arr:inst|gra_arr[5][10]        ; Merged with g14_gra_arr:inst|gra_arr[5][11]  ;
; g14_gra_arr:inst|gra_arr[5][12]        ; Merged with g14_gra_arr:inst|gra_arr[5][13]  ;
; g14_gra_arr:inst|gra_arr[6][0]         ; Merged with g14_gra_arr:inst|gra_arr[6][1]   ;
; g14_gra_arr:inst|gra_arr[6][2]         ; Merged with g14_gra_arr:inst|gra_arr[6][3]   ;
; g14_gra_arr:inst|gra_arr[6][4]         ; Merged with g14_gra_arr:inst|gra_arr[6][5]   ;
; g14_gra_arr:inst|gra_arr[6][6]         ; Merged with g14_gra_arr:inst|gra_arr[6][7]   ;
; g14_gra_arr:inst|gra_arr[6][8]         ; Merged with g14_gra_arr:inst|gra_arr[6][9]   ;
; g14_gra_arr:inst|gra_arr[6][10]        ; Merged with g14_gra_arr:inst|gra_arr[6][11]  ;
; g14_gra_arr:inst|gra_arr[6][12]        ; Merged with g14_gra_arr:inst|gra_arr[6][13]  ;
; g14_gra_arr:inst|gra_out_temp[1]       ; Merged with g14_gra_arr:inst|gra_out_temp[0] ;
; Total Number of Removed Registers = 52 ;                                              ;
+----------------------------------------+----------------------------------------------+


+------------------------------------------------------+
; General Register Statistics                          ;
+----------------------------------------------+-------+
; Statistic                                    ; Value ;
+----------------------------------------------+-------+
; Total registers                              ; 65    ;
; Number of registers using Synchronous Clear  ; 0     ;
; Number of registers using Synchronous Load   ; 0     ;
; Number of registers using Asynchronous Clear ; 49    ;
; Number of registers using Asynchronous Load  ; 0     ;
; Number of registers using Clock Enable       ; 2     ;
; Number of registers using Preset             ; 0     ;
+----------------------------------------------+-------+


+-------------------------------+
; Analysis & Synthesis Messages ;
+-------------------------------+
Info: *******************************************************************
Info: Running Quartus II Analysis & Synthesis
    Info: Version 9.0 Build 235 06/17/2009 Service Pack 2 SJ Full Version
    Info: Processing started: Mon Nov 21 14:28:17 2011
Info: Command: quartus_map --read_settings_files=on --write_settings_files=off g14_lab4 -c g14_lab4
Info: Found 3 design units, including 1 entities, in source file g14_gra_arr.vhd
    Info: Found design unit 1: define_gra_array
    Info: Found design unit 2: g14_gra_arr-a
    Info: Found entity 1: g14_gra_arr
Info: Found 2 design units, including 1 entities, in source file g14_sp_player.vhd
    Info: Found design unit 1: g14_sp_player-a
    Info: Found entity 1: g14_sp_player
Info: Found 2 design units, including 1 entities, in source file g14_asp_registers.vhd
    Info: Found design unit 1: g14_asp_registers-a
    Info: Found entity 1: g14_asp_registers
Info: Found 1 design units, including 1 entities, in source file g14_7_segment_decoder.vhd
    Info: Found entity 1: g14_7_segment_decoder
Info: Found 1 design units, including 1 entities, in source file g14_sp_player_combined.bdf
    Info: Found entity 1: g14_sp_player_combined
Info: Elaborating entity "g14_sp_player_combined" for the top level hierarchy
Info: Elaborating entity "g14_sp_player" for hierarchy "g14_sp_player:inst4"
Info: Elaborating entity "g14_gra_arr" for hierarchy "g14_gra_arr:inst"
Warning: Output pins are stuck at VCC or GND
    Warning (13410): Pin "gra_in[1]" is stuck at VCC
    Warning (13410): Pin "gra_in[0]" is stuck at VCC
Warning: Ignored assignments for entity "g14_lab4" -- entity does not exist in design
    Warning: Assignment of entity set_global_assignment -name LL_ROOT_REGION ON -entity g14_lab4 -section_id "Root Region" is ignored
    Warning: Assignment of entity set_global_assignment -name LL_MEMBER_STATE LOCKED -entity g14_lab4 -section_id "Root Region" is ignored
Info: Implemented 149 device resources after synthesis - the final resource count might be different
    Info: Implemented 10 input pins
    Info: Implemented 19 output pins
    Info: Implemented 120 logic cells
Info: Quartus II Analysis & Synthesis was successful. 0 errors, 6 warnings
    Info: Peak virtual memory: 223 megabytes
    Info: Processing ended: Mon Nov 21 14:28:26 2011
    Info: Elapsed time: 00:00:09
    Info: Total CPU time (on all processors): 00:00:03


