Flow report for g14_lab2
Thu Oct 13 14:28:00 2011
Quartus II Version 9.0 Build 235 06/17/2009 Service Pack 2 SJ Full Version


---------------------
; Table of Contents ;
---------------------
  1. Legal Notice
  2. Flow Summary
  3. Flow Settings
  4. Flow Non-Default Global Settings
  5. Flow Elapsed Time
  6. Flow OS Summary
  7. Flow Log



----------------
; Legal Notice ;
----------------
Copyright (C) 1991-2009 Altera Corporation
Your use of Altera Corporation's design tools, logic functions 
and other software and tools, and its AMPP partner logic 
functions, and any output files from any of the foregoing 
(including device programming or simulation files), and any 
associated documentation or information are expressly subject 
to the terms and conditions of the Altera Program License 
Subscription Agreement, Altera MegaCore Function License 
Agreement, or other applicable license agreement, including, 
without limitation, that your use is for the sole purpose of 
programming logic devices manufactured by Altera and sold by 
Altera or its authorized distributors.  Please refer to the 
applicable agreement for further details.



+-------------------------------------------------------------------------+
; Flow Summary                                                            ;
+-------------------------+-----------------------------------------------+
; Flow Status             ; Flow Failed - Thu Oct 13 14:28:00 2011        ;
; Quartus II Version      ; 9.0 Build 235 06/17/2009 SP 2 SJ Full Version ;
; Revision Name           ; g14_lab2                                      ;
; Top-level Entity Name   ; g14_longest_row                               ;
; Family                  ; FLEX10K                                       ;
; Device                  ; EPF10K70RC240-4                               ;
; Timing Models           ; Final                                         ;
; Met timing requirements ; N/A                                           ;
; Total logic elements    ; 258 / 3,744 ( 7 % )                           ;
; Total pins              ; 212 / 189 ( 112 % )                           ;
; Total memory bits       ; 0 / 18,432 ( 0 % )                            ;
+-------------------------+-----------------------------------------------+


+-----------------------------------------+
; Flow Settings                           ;
+-------------------+---------------------+
; Option            ; Setting             ;
+-------------------+---------------------+
; Start date & time ; 10/13/2011 14:27:49 ;
; Main task         ; Compilation         ;
; Revision Name     ; g14_lab2            ;
+-------------------+---------------------+


+---------------------------------------------------------------------------------------------------------------------+
; Flow Non-Default Global Settings                                                                                    ;
+------------------------------------+---------------------------------+---------------+-------------+----------------+
; Assignment Name                    ; Value                           ; Default Value ; Entity Name ; Section Id     ;
+------------------------------------+---------------------------------+---------------+-------------+----------------+
; COMPILER_SIGNATURE_ID              ; 132129496017688.131853046807172 ; --            ; --          ; --             ;
; MAX_CORE_JUNCTION_TEMP             ; 85                              ; --            ; --          ; --             ;
; MIN_CORE_JUNCTION_TEMP             ; 0                               ; --            ; --          ; --             ;
; TOP_LEVEL_ENTITY                   ; g14_longest_row                 ; g14_lab2      ; --          ; --             ;
; USE_GENERATED_PHYSICAL_CONSTRAINTS ; Off                             ; --            ; --          ; eda_blast_fpga ;
+------------------------------------+---------------------------------+---------------+-------------+----------------+


+--------------------------------------------------------------------------------------------------------------------------+
; Flow Elapsed Time                                                                                                        ;
+----------------------+--------------+-------------------------+---------------------+------------------------------------+
; Module Name          ; Elapsed Time ; Average Processors Used ; Peak Virtual Memory ; Total CPU Time (on all processors) ;
+----------------------+--------------+-------------------------+---------------------+------------------------------------+
; Analysis & Synthesis ; 00:00:09     ; 1.0                     ; 213 MB              ; 00:00:03                           ;
; Fitter               ; 00:00:06     ; 1.0                     ; 192 MB              ; 00:00:02                           ;
; Total                ; 00:00:15     ; --                      ; --                  ; 00:00:05                           ;
+----------------------+--------------+-------------------------+---------------------+------------------------------------+


+---------------------------------------------------------------------------------------+
; Flow OS Summary                                                                       ;
+----------------------+------------------+---------------+------------+----------------+
; Module Name          ; Machine Hostname ; OS Name       ; OS Version ; Processor type ;
+----------------------+------------------+---------------+------------+----------------+
; Analysis & Synthesis ; 156TR4060DS-909  ; Windows Vista ; 6.1        ; i686           ;
; Fitter               ; 156TR4060DS-909  ; Windows Vista ; 6.1        ; i686           ;
+----------------------+------------------+---------------+------------+----------------+


------------
; Flow Log ;
------------
quartus_map --read_settings_files=on --write_settings_files=off g14_lab2 -c g14_lab2
quartus_fit --read_settings_files=off --write_settings_files=off g14_lab2 -c g14_lab2



