Analysis & Synthesis report for g14_lab3
Mon Oct 31 14:46:09 2011
Quartus II Version 9.0 Build 235 06/17/2009 Service Pack 2 SJ Full Version


---------------------
; Table of Contents ;
---------------------
  1. Legal Notice
  2. Analysis & Synthesis Summary
  3. Analysis & Synthesis Settings
  4. Analysis & Synthesis Source Files Read
  5. Analysis & Synthesis Resource Usage Summary
  6. Analysis & Synthesis Resource Utilization by Entity
  7. User-Specified and Inferred Latches
  8. General Register Statistics
  9. Multiplexer Restructuring Statistics (Restructuring Performed)
 10. Analysis & Synthesis Messages



----------------
; Legal Notice ;
----------------
Copyright (C) 1991-2009 Altera Corporation
Your use of Altera Corporation's design tools, logic functions 
and other software and tools, and its AMPP partner logic 
functions, and any output files from any of the foregoing 
(including device programming or simulation files), and any 
associated documentation or information are expressly subject 
to the terms and conditions of the Altera Program License 
Subscription Agreement, Altera MegaCore Function License 
Agreement, or other applicable license agreement, including, 
without limitation, that your use is for the sole purpose of 
programming logic devices manufactured by Altera and sold by 
Altera or its authorized distributors.  Please refer to the 
applicable agreement for further details.



+------------------------------------------------------------------------------------+
; Analysis & Synthesis Summary                                                       ;
+------------------------------------+-----------------------------------------------+
; Analysis & Synthesis Status        ; Successful - Mon Oct 31 14:46:09 2011         ;
; Quartus II Version                 ; 9.0 Build 235 06/17/2009 SP 2 SJ Full Version ;
; Revision Name                      ; g14_lab3                                      ;
; Top-level Entity Name              ; g14_row_incr_rand                             ;
; Family                             ; Cyclone II                                    ;
; Total logic elements               ; 380                                           ;
;     Total combinational functions  ; 380                                           ;
;     Dedicated logic registers      ; 0                                             ;
; Total registers                    ; 0                                             ;
; Total pins                         ; 266                                           ;
; Total virtual pins                 ; 0                                             ;
; Total memory bits                  ; 0                                             ;
; Embedded Multiplier 9-bit elements ; 0                                             ;
; Total PLLs                         ; 0                                             ;
+------------------------------------+-----------------------------------------------+


+--------------------------------------------------------------------------------------------------------+
; Analysis & Synthesis Settings                                                                          ;
+--------------------------------------------------------------+--------------------+--------------------+
; Option                                                       ; Setting            ; Default Value      ;
+--------------------------------------------------------------+--------------------+--------------------+
; Device                                                       ; EP2C20F484C7       ;                    ;
; Top-level entity name                                        ; g14_row_incr_rand  ; g14_lab3           ;
; Family name                                                  ; Cyclone II         ; Stratix II         ;
; Use Generated Physical Constraints File                      ; Off                ;                    ;
; Use smart compilation                                        ; Off                ; Off                ;
; Restructure Multiplexers                                     ; Auto               ; Auto               ;
; Create Debugging Nodes for IP Cores                          ; Off                ; Off                ;
; Preserve fewer node names                                    ; On                 ; On                 ;
; Disable OpenCore Plus hardware evaluation                    ; Off                ; Off                ;
; Verilog Version                                              ; Verilog_2001       ; Verilog_2001       ;
; VHDL Version                                                 ; VHDL93             ; VHDL93             ;
; State Machine Processing                                     ; Auto               ; Auto               ;
; Safe State Machine                                           ; Off                ; Off                ;
; Extract Verilog State Machines                               ; On                 ; On                 ;
; Extract VHDL State Machines                                  ; On                 ; On                 ;
; Ignore Verilog initial constructs                            ; Off                ; Off                ;
; Iteration limit for constant Verilog loops                   ; 5000               ; 5000               ;
; Iteration limit for non-constant Verilog loops               ; 250                ; 250                ;
; Add Pass-Through Logic to Inferred RAMs                      ; On                 ; On                 ;
; Parallel Synthesis                                           ; Off                ; Off                ;
; DSP Block Balancing                                          ; Auto               ; Auto               ;
; NOT Gate Push-Back                                           ; On                 ; On                 ;
; Power-Up Don't Care                                          ; On                 ; On                 ;
; Remove Redundant Logic Cells                                 ; Off                ; Off                ;
; Remove Duplicate Registers                                   ; On                 ; On                 ;
; Ignore CARRY Buffers                                         ; Off                ; Off                ;
; Ignore CASCADE Buffers                                       ; Off                ; Off                ;
; Ignore GLOBAL Buffers                                        ; Off                ; Off                ;
; Ignore ROW GLOBAL Buffers                                    ; Off                ; Off                ;
; Ignore LCELL Buffers                                         ; Off                ; Off                ;
; Ignore SOFT Buffers                                          ; On                 ; On                 ;
; Limit AHDL Integers to 32 Bits                               ; Off                ; Off                ;
; Optimization Technique                                       ; Balanced           ; Balanced           ;
; Carry Chain Length                                           ; 70                 ; 70                 ;
; Auto Carry Chains                                            ; On                 ; On                 ;
; Auto Open-Drain Pins                                         ; On                 ; On                 ;
; Perform WYSIWYG Primitive Resynthesis                        ; Off                ; Off                ;
; Auto ROM Replacement                                         ; On                 ; On                 ;
; Auto RAM Replacement                                         ; On                 ; On                 ;
; Auto Shift Register Replacement                              ; Auto               ; Auto               ;
; Auto Clock Enable Replacement                                ; On                 ; On                 ;
; Strict RAM Replacement                                       ; Off                ; Off                ;
; Allow Synchronous Control Signals                            ; On                 ; On                 ;
; Force Use of Synchronous Clear Signals                       ; Off                ; Off                ;
; Auto RAM to Logic Cell Conversion                            ; Off                ; Off                ;
; Auto Resource Sharing                                        ; Off                ; Off                ;
; Allow Any RAM Size For Recognition                           ; Off                ; Off                ;
; Allow Any ROM Size For Recognition                           ; Off                ; Off                ;
; Allow Any Shift Register Size For Recognition                ; Off                ; Off                ;
; Use LogicLock Constraints during Resource Balancing          ; On                 ; On                 ;
; Ignore translate_off and synthesis_off directives            ; Off                ; Off                ;
; Timing-Driven Synthesis                                      ; Off                ; Off                ;
; Show Parameter Settings Tables in Synthesis Report           ; On                 ; On                 ;
; Ignore Maximum Fan-Out Assignments                           ; Off                ; Off                ;
; Synchronization Register Chain Length                        ; 2                  ; 2                  ;
; PowerPlay Power Optimization                                 ; Normal compilation ; Normal compilation ;
; HDL message level                                            ; Level2             ; Level2             ;
; Suppress Register Optimization Related Messages              ; Off                ; Off                ;
; Number of Removed Registers Reported in Synthesis Report     ; 100                ; 100                ;
; Number of Inverted Registers Reported in Synthesis Report    ; 100                ; 100                ;
; Clock MUX Protection                                         ; On                 ; On                 ;
; Auto Gated Clock Conversion                                  ; Off                ; Off                ;
; Block Design Naming                                          ; Auto               ; Auto               ;
; SDC constraint protection                                    ; Off                ; Off                ;
; Synthesis Effort                                             ; Auto               ; Auto               ;
; Shift Register Replacement - Allow Asynchronous Clear Signal ; On                 ; On                 ;
; Analysis & Synthesis Message Level                           ; Medium             ; Medium             ;
+--------------------------------------------------------------+--------------------+--------------------+


+------------------------------------------------------------------------------------------------------------+
; Analysis & Synthesis Source Files Read                                                                     ;
+----------------------------------+-----------------+-----------------+-------------------------------------+
; File Name with User-Entered Path ; Used in Netlist ; File Type       ; File Name with Absolute Path        ;
+----------------------------------+-----------------+-----------------+-------------------------------------+
; g14_row_incr_rand.vhd            ; yes             ; User VHDL File  ; H:/dsd/lab3/g14_row_incr_rand.vhd   ;
; g14_row_incr_config.vhd          ; yes             ; User VHDL File  ; H:/dsd/lab3/g14_row_incr_config.vhd ;
+----------------------------------+-----------------+-----------------+-------------------------------------+


+------------------------------------------------------+
; Analysis & Synthesis Resource Usage Summary          ;
+---------------------------------------------+--------+
; Resource                                    ; Usage  ;
+---------------------------------------------+--------+
; Estimated Total logic elements              ; 380    ;
;                                             ;        ;
; Total combinational functions               ; 380    ;
; Logic element usage by number of LUT inputs ;        ;
;     -- 4 input functions                    ; 172    ;
;     -- 3 input functions                    ; 178    ;
;     -- <=2 input functions                  ; 30     ;
;                                             ;        ;
; Logic elements by mode                      ;        ;
;     -- normal mode                          ; 380    ;
;     -- arithmetic mode                      ; 0      ;
;                                             ;        ;
; Total registers                             ; 0      ;
;     -- Dedicated logic registers            ; 0      ;
;     -- I/O registers                        ; 0      ;
;                                             ;        ;
; I/O pins                                    ; 266    ;
; Maximum fan-out node                        ; no_ins ;
; Maximum fan-out                             ; 115    ;
; Total fan-out                               ; 1437   ;
; Average fan-out                             ; 2.22   ;
+---------------------------------------------+--------+


+-----------------------------------------------------------------------------------------------------------------------------------------------------------------------------+
; Analysis & Synthesis Resource Utilization by Entity                                                                                                                         ;
+----------------------------+-------------------+--------------+-------------+--------------+---------+-----------+------+--------------+---------------------+--------------+
; Compilation Hierarchy Node ; LC Combinationals ; LC Registers ; Memory Bits ; DSP Elements ; DSP 9x9 ; DSP 18x18 ; Pins ; Virtual Pins ; Full Hierarchy Name ; Library Name ;
+----------------------------+-------------------+--------------+-------------+--------------+---------+-----------+------+--------------+---------------------+--------------+
; |g14_row_incr_rand         ; 380 (380)         ; 0 (0)        ; 0           ; 0            ; 0       ; 0         ; 266  ; 0            ; |g14_row_incr_rand  ; work         ;
+----------------------------+-------------------+--------------+-------------+--------------+---------+-----------+------+--------------+---------------------+--------------+
Note: For table entries with two numbers listed, the numbers in parentheses indicate the number of resources of the given type used by the specific entity alone. The numbers listed outside of parentheses indicate the total resources of the given type used by the specific entity and all of its sub-entities in the hierarchy.


+-----------------------------------------------------------------------------------------------------+
; User-Specified and Inferred Latches                                                                 ;
+------------------------------------------------------+---------------------+------------------------+
; Latch Name                                           ; Latch Enable Signal ; Free of Timing Hazards ;
+------------------------------------------------------+---------------------+------------------------+
; GRA_array_out[6][13]$latch                           ; no_ins              ; yes                    ;
; GRA_array_out[6][12]$latch                           ; no_ins              ; yes                    ;
; GRA_array_out[6][11]$latch                           ; no_ins              ; yes                    ;
; GRA_array_out[6][10]$latch                           ; no_ins              ; yes                    ;
; GRA_array_out[6][9]$latch                            ; no_ins              ; yes                    ;
; GRA_array_out[6][8]$latch                            ; no_ins              ; yes                    ;
; GRA_array_out[6][7]$latch                            ; no_ins              ; yes                    ;
; GRA_array_out[6][6]$latch                            ; no_ins              ; yes                    ;
; GRA_array_out[6][5]$latch                            ; no_ins              ; yes                    ;
; GRA_array_out[6][4]$latch                            ; no_ins              ; yes                    ;
; GRA_array_out[6][3]$latch                            ; no_ins              ; yes                    ;
; GRA_array_out[6][2]$latch                            ; no_ins              ; yes                    ;
; GRA_array_out[6][1]$latch                            ; no_ins              ; yes                    ;
; GRA_array_out[6][0]$latch                            ; no_ins              ; yes                    ;
; GRA_array_out[5][13]$latch                           ; no_ins              ; yes                    ;
; GRA_array_out[5][12]$latch                           ; no_ins              ; yes                    ;
; GRA_array_out[5][11]$latch                           ; no_ins              ; yes                    ;
; GRA_array_out[5][10]$latch                           ; no_ins              ; yes                    ;
; GRA_array_out[5][9]$latch                            ; no_ins              ; yes                    ;
; GRA_array_out[5][8]$latch                            ; no_ins              ; yes                    ;
; GRA_array_out[5][7]$latch                            ; no_ins              ; yes                    ;
; GRA_array_out[5][6]$latch                            ; no_ins              ; yes                    ;
; GRA_array_out[5][5]$latch                            ; no_ins              ; yes                    ;
; GRA_array_out[5][4]$latch                            ; no_ins              ; yes                    ;
; GRA_array_out[5][3]$latch                            ; no_ins              ; yes                    ;
; GRA_array_out[5][2]$latch                            ; no_ins              ; yes                    ;
; GRA_array_out[5][1]$latch                            ; no_ins              ; yes                    ;
; GRA_array_out[5][0]$latch                            ; no_ins              ; yes                    ;
; GRA_array_out[4][13]$latch                           ; no_ins              ; yes                    ;
; GRA_array_out[4][12]$latch                           ; no_ins              ; yes                    ;
; GRA_array_out[4][11]$latch                           ; no_ins              ; yes                    ;
; GRA_array_out[4][10]$latch                           ; no_ins              ; yes                    ;
; GRA_array_out[4][9]$latch                            ; no_ins              ; yes                    ;
; GRA_array_out[4][8]$latch                            ; no_ins              ; yes                    ;
; GRA_array_out[4][7]$latch                            ; no_ins              ; yes                    ;
; GRA_array_out[4][6]$latch                            ; no_ins              ; yes                    ;
; GRA_array_out[4][5]$latch                            ; no_ins              ; yes                    ;
; GRA_array_out[4][4]$latch                            ; no_ins              ; yes                    ;
; GRA_array_out[4][3]$latch                            ; no_ins              ; yes                    ;
; GRA_array_out[4][2]$latch                            ; no_ins              ; yes                    ;
; GRA_array_out[4][1]$latch                            ; no_ins              ; yes                    ;
; GRA_array_out[4][0]$latch                            ; no_ins              ; yes                    ;
; GRA_array_out[3][13]$latch                           ; no_ins              ; yes                    ;
; GRA_array_out[3][12]$latch                           ; no_ins              ; yes                    ;
; GRA_array_out[3][11]$latch                           ; no_ins              ; yes                    ;
; GRA_array_out[3][10]$latch                           ; no_ins              ; yes                    ;
; GRA_array_out[3][9]$latch                            ; no_ins              ; yes                    ;
; GRA_array_out[3][8]$latch                            ; no_ins              ; yes                    ;
; GRA_array_out[3][7]$latch                            ; no_ins              ; yes                    ;
; GRA_array_out[3][6]$latch                            ; no_ins              ; yes                    ;
; GRA_array_out[3][5]$latch                            ; no_ins              ; yes                    ;
; GRA_array_out[3][4]$latch                            ; no_ins              ; yes                    ;
; GRA_array_out[3][3]$latch                            ; no_ins              ; yes                    ;
; GRA_array_out[3][2]$latch                            ; no_ins              ; yes                    ;
; GRA_array_out[3][1]$latch                            ; no_ins              ; yes                    ;
; GRA_array_out[3][0]$latch                            ; no_ins              ; yes                    ;
; GRA_array_out[2][13]$latch                           ; no_ins              ; yes                    ;
; GRA_array_out[2][12]$latch                           ; no_ins              ; yes                    ;
; GRA_array_out[2][11]$latch                           ; no_ins              ; yes                    ;
; GRA_array_out[2][10]$latch                           ; no_ins              ; yes                    ;
; GRA_array_out[2][9]$latch                            ; no_ins              ; yes                    ;
; GRA_array_out[2][8]$latch                            ; no_ins              ; yes                    ;
; GRA_array_out[2][7]$latch                            ; no_ins              ; yes                    ;
; GRA_array_out[2][6]$latch                            ; no_ins              ; yes                    ;
; GRA_array_out[2][5]$latch                            ; no_ins              ; yes                    ;
; GRA_array_out[2][4]$latch                            ; no_ins              ; yes                    ;
; GRA_array_out[2][3]$latch                            ; no_ins              ; yes                    ;
; GRA_array_out[2][2]$latch                            ; no_ins              ; yes                    ;
; GRA_array_out[2][1]$latch                            ; no_ins              ; yes                    ;
; GRA_array_out[2][0]$latch                            ; no_ins              ; yes                    ;
; GRA_array_out[1][13]$latch                           ; no_ins              ; yes                    ;
; GRA_array_out[1][12]$latch                           ; no_ins              ; yes                    ;
; GRA_array_out[1][11]$latch                           ; no_ins              ; yes                    ;
; GRA_array_out[1][10]$latch                           ; no_ins              ; yes                    ;
; GRA_array_out[1][9]$latch                            ; no_ins              ; yes                    ;
; GRA_array_out[1][8]$latch                            ; no_ins              ; yes                    ;
; GRA_array_out[1][7]$latch                            ; no_ins              ; yes                    ;
; GRA_array_out[1][6]$latch                            ; no_ins              ; yes                    ;
; GRA_array_out[1][5]$latch                            ; no_ins              ; yes                    ;
; GRA_array_out[1][4]$latch                            ; no_ins              ; yes                    ;
; GRA_array_out[1][3]$latch                            ; no_ins              ; yes                    ;
; GRA_array_out[1][2]$latch                            ; no_ins              ; yes                    ;
; GRA_array_out[1][1]$latch                            ; no_ins              ; yes                    ;
; GRA_array_out[1][0]$latch                            ; no_ins              ; yes                    ;
; GRA_array_out[0][13]$latch                           ; no_ins              ; yes                    ;
; GRA_array_out[0][12]$latch                           ; no_ins              ; yes                    ;
; GRA_array_out[0][11]$latch                           ; no_ins              ; yes                    ;
; GRA_array_out[0][10]$latch                           ; no_ins              ; yes                    ;
; GRA_array_out[0][9]$latch                            ; no_ins              ; yes                    ;
; GRA_array_out[0][8]$latch                            ; no_ins              ; yes                    ;
; GRA_array_out[0][7]$latch                            ; no_ins              ; yes                    ;
; GRA_array_out[0][6]$latch                            ; no_ins              ; yes                    ;
; GRA_array_out[0][5]$latch                            ; no_ins              ; yes                    ;
; GRA_array_out[0][4]$latch                            ; no_ins              ; yes                    ;
; GRA_array_out[0][3]$latch                            ; no_ins              ; yes                    ;
; GRA_array_out[0][2]$latch                            ; no_ins              ; yes                    ;
; GRA_array_out[0][1]$latch                            ; no_ins              ; yes                    ;
; GRA_array_out[0][0]$latch                            ; no_ins              ; yes                    ;
; ASP_r_0[2]$latch                                     ; ASP_r_0[0]~0        ; yes                    ;
; ASP_r_0[1]$latch                                     ; ASP_r_0[0]~0        ; yes                    ;
; Number of user-specified and inferred latches = 147  ;                     ;                        ;
+------------------------------------------------------+---------------------+------------------------+
Table restricted to first 100 entries. Note: All latches listed above may not be present at the end of synthesis due to various synthesis optimizations.


+------------------------------------------------------+
; General Register Statistics                          ;
+----------------------------------------------+-------+
; Statistic                                    ; Value ;
+----------------------------------------------+-------+
; Total registers                              ; 0     ;
; Number of registers using Synchronous Clear  ; 0     ;
; Number of registers using Synchronous Load   ; 0     ;
; Number of registers using Asynchronous Clear ; 0     ;
; Number of registers using Asynchronous Load  ; 0     ;
; Number of registers using Clock Enable       ; 0     ;
; Number of registers using Preset             ; 0     ;
+----------------------------------------------+-------+


+------------------------------------------------------------------------------------------------------------------------------------------+
; Multiplexer Restructuring Statistics (Restructuring Performed)                                                                           ;
+--------------------+-----------+---------------+----------------------+------------------------+------------+----------------------------+
; Multiplexer Inputs ; Bus Width ; Baseline Area ; Area if Restructured ; Saving if Restructured ; Registered ; Example Multiplexer Output ;
+--------------------+-----------+---------------+----------------------+------------------------+------------+----------------------------+
; 1:1                ; 6 bits    ; 0 LEs         ; 0 LEs                ; 0 LEs                  ; No         ; |g14_row_incr_rand|Mux1    ;
; 1:1                ; 6 bits    ; 0 LEs         ; 0 LEs                ; 0 LEs                  ; No         ; |g14_row_incr_rand|Mux11   ;
; 1:1                ; 6 bits    ; 0 LEs         ; 0 LEs                ; 0 LEs                  ; No         ; |g14_row_incr_rand|Mux16   ;
; 1:1                ; 6 bits    ; 0 LEs         ; 0 LEs                ; 0 LEs                  ; No         ; |g14_row_incr_rand|Mux24   ;
; 1:1                ; 6 bits    ; 0 LEs         ; 0 LEs                ; 0 LEs                  ; No         ; |g14_row_incr_rand|Mux28   ;
; 1:1                ; 6 bits    ; 0 LEs         ; 0 LEs                ; 0 LEs                  ; No         ; |g14_row_incr_rand|Mux35   ;
; 1:1                ; 6 bits    ; 0 LEs         ; 0 LEs                ; 0 LEs                  ; No         ; |g14_row_incr_rand|Mux42   ;
; 1:1                ; 6 bits    ; 0 LEs         ; 0 LEs                ; 0 LEs                  ; No         ; |g14_row_incr_rand|Mux50   ;
+--------------------+-----------+---------------+----------------------+------------------------+------------+----------------------------+


+-------------------------------+
; Analysis & Synthesis Messages ;
+-------------------------------+
Info: *******************************************************************
Info: Running Quartus II Analysis & Synthesis
    Info: Version 9.0 Build 235 06/17/2009 Service Pack 2 SJ Full Version
    Info: Processing started: Mon Oct 31 14:45:55 2011
Info: Command: quartus_map --read_settings_files=on --write_settings_files=off g14_lab3 -c g14_lab3
Info: Found 3 design units, including 1 entities, in source file g14_row_incr_rand.vhd
    Info: Found design unit 1: define_gra_array2
    Info: Found design unit 2: g14_row_incr_rand-a
    Info: Found entity 1: g14_row_incr_rand
Info: Found 4 design units, including 1 entities, in source file g14_row_incr_config.vhd
    Info: Found design unit 1: define_gra_array
    Info: Found design unit 2: define_ASP_reg
    Info: Found design unit 3: g14_row_incr_config-a
    Info: Found entity 1: g14_row_incr_config
Info: Found 1 design units, including 1 entities, in source file g14_lab3.bdf
    Info: Found entity 1: g14_lab3
Info: Elaborating entity "g14_row_incr_rand" for the top level hierarchy
Warning (10492): VHDL Process Statement warning at g14_row_incr_rand.vhd(82): signal "ASP_empty" is read inside the Process Statement but isn't in the Process Statement's sensitivity list
Warning (10631): VHDL Process Statement warning at g14_row_incr_rand.vhd(42): inferring latch(es) for signal or variable "ASP_r_0", which holds its previous value in one or more paths through the process
Warning (10631): VHDL Process Statement warning at g14_row_incr_rand.vhd(42): inferring latch(es) for signal or variable "ASP_c_0", which holds its previous value in one or more paths through the process
Warning (10631): VHDL Process Statement warning at g14_row_incr_rand.vhd(42): inferring latch(es) for signal or variable "no_reg", which holds its previous value in one or more paths through the process
Warning (10631): VHDL Process Statement warning at g14_row_incr_rand.vhd(42): inferring latch(es) for signal or variable "ASP_r_1", which holds its previous value in one or more paths through the process
Warning (10631): VHDL Process Statement warning at g14_row_incr_rand.vhd(42): inferring latch(es) for signal or variable "ASP_c_1", which holds its previous value in one or more paths through the process
Warning (10631): VHDL Process Statement warning at g14_row_incr_rand.vhd(42): inferring latch(es) for signal or variable "ASP_r_2", which holds its previous value in one or more paths through the process
Warning (10631): VHDL Process Statement warning at g14_row_incr_rand.vhd(42): inferring latch(es) for signal or variable "ASP_c_2", which holds its previous value in one or more paths through the process
Warning (10631): VHDL Process Statement warning at g14_row_incr_rand.vhd(42): inferring latch(es) for signal or variable "ASP_r_3", which holds its previous value in one or more paths through the process
Warning (10631): VHDL Process Statement warning at g14_row_incr_rand.vhd(42): inferring latch(es) for signal or variable "ASP_c_3", which holds its previous value in one or more paths through the process
Warning (10631): VHDL Process Statement warning at g14_row_incr_rand.vhd(42): inferring latch(es) for signal or variable "ASP_r_4", which holds its previous value in one or more paths through the process
Warning (10631): VHDL Process Statement warning at g14_row_incr_rand.vhd(42): inferring latch(es) for signal or variable "ASP_c_4", which holds its previous value in one or more paths through the process
Warning (10631): VHDL Process Statement warning at g14_row_incr_rand.vhd(42): inferring latch(es) for signal or variable "ASP_r_5", which holds its previous value in one or more paths through the process
Warning (10631): VHDL Process Statement warning at g14_row_incr_rand.vhd(42): inferring latch(es) for signal or variable "ASP_c_5", which holds its previous value in one or more paths through the process
Warning (10631): VHDL Process Statement warning at g14_row_incr_rand.vhd(42): inferring latch(es) for signal or variable "ASP_r_6", which holds its previous value in one or more paths through the process
Warning (10631): VHDL Process Statement warning at g14_row_incr_rand.vhd(42): inferring latch(es) for signal or variable "ASP_c_6", which holds its previous value in one or more paths through the process
Warning (10631): VHDL Process Statement warning at g14_row_incr_rand.vhd(42): inferring latch(es) for signal or variable "ASP_r_7", which holds its previous value in one or more paths through the process
Warning (10631): VHDL Process Statement warning at g14_row_incr_rand.vhd(42): inferring latch(es) for signal or variable "ASP_c_7", which holds its previous value in one or more paths through the process
Warning (10631): VHDL Process Statement warning at g14_row_incr_rand.vhd(42): inferring latch(es) for signal or variable "GRA_array_out", which holds its previous value in one or more paths through the process
Info (10041): Inferred latch for "GRA_array_out[6][13]" at g14_row_incr_rand.vhd(42)
Info (10041): Inferred latch for "GRA_array_out[6][12]" at g14_row_incr_rand.vhd(42)
Info (10041): Inferred latch for "GRA_array_out[6][11]" at g14_row_incr_rand.vhd(42)
Info (10041): Inferred latch for "GRA_array_out[6][10]" at g14_row_incr_rand.vhd(42)
Info (10041): Inferred latch for "GRA_array_out[6][9]" at g14_row_incr_rand.vhd(42)
Info (10041): Inferred latch for "GRA_array_out[6][8]" at g14_row_incr_rand.vhd(42)
Info (10041): Inferred latch for "GRA_array_out[6][7]" at g14_row_incr_rand.vhd(42)
Info (10041): Inferred latch for "GRA_array_out[6][6]" at g14_row_incr_rand.vhd(42)
Info (10041): Inferred latch for "GRA_array_out[6][5]" at g14_row_incr_rand.vhd(42)
Info (10041): Inferred latch for "GRA_array_out[6][4]" at g14_row_incr_rand.vhd(42)
Info (10041): Inferred latch for "GRA_array_out[6][3]" at g14_row_incr_rand.vhd(42)
Info (10041): Inferred latch for "GRA_array_out[6][2]" at g14_row_incr_rand.vhd(42)
Info (10041): Inferred latch for "GRA_array_out[6][1]" at g14_row_incr_rand.vhd(42)
Info (10041): Inferred latch for "GRA_array_out[6][0]" at g14_row_incr_rand.vhd(42)
Info (10041): Inferred latch for "GRA_array_out[5][13]" at g14_row_incr_rand.vhd(42)
Info (10041): Inferred latch for "GRA_array_out[5][12]" at g14_row_incr_rand.vhd(42)
Info (10041): Inferred latch for "GRA_array_out[5][11]" at g14_row_incr_rand.vhd(42)
Info (10041): Inferred latch for "GRA_array_out[5][10]" at g14_row_incr_rand.vhd(42)
Info (10041): Inferred latch for "GRA_array_out[5][9]" at g14_row_incr_rand.vhd(42)
Info (10041): Inferred latch for "GRA_array_out[5][8]" at g14_row_incr_rand.vhd(42)
Info (10041): Inferred latch for "GRA_array_out[5][7]" at g14_row_incr_rand.vhd(42)
Info (10041): Inferred latch for "GRA_array_out[5][6]" at g14_row_incr_rand.vhd(42)
Info (10041): Inferred latch for "GRA_array_out[5][5]" at g14_row_incr_rand.vhd(42)
Info (10041): Inferred latch for "GRA_array_out[5][4]" at g14_row_incr_rand.vhd(42)
Info (10041): Inferred latch for "GRA_array_out[5][3]" at g14_row_incr_rand.vhd(42)
Info (10041): Inferred latch for "GRA_array_out[5][2]" at g14_row_incr_rand.vhd(42)
Info (10041): Inferred latch for "GRA_array_out[5][1]" at g14_row_incr_rand.vhd(42)
Info (10041): Inferred latch for "GRA_array_out[5][0]" at g14_row_incr_rand.vhd(42)
Info (10041): Inferred latch for "GRA_array_out[4][13]" at g14_row_incr_rand.vhd(42)
Info (10041): Inferred latch for "GRA_array_out[4][12]" at g14_row_incr_rand.vhd(42)
Info (10041): Inferred latch for "GRA_array_out[4][11]" at g14_row_incr_rand.vhd(42)
Info (10041): Inferred latch for "GRA_array_out[4][10]" at g14_row_incr_rand.vhd(42)
Info (10041): Inferred latch for "GRA_array_out[4][9]" at g14_row_incr_rand.vhd(42)
Info (10041): Inferred latch for "GRA_array_out[4][8]" at g14_row_incr_rand.vhd(42)
Info (10041): Inferred latch for "GRA_array_out[4][7]" at g14_row_incr_rand.vhd(42)
Info (10041): Inferred latch for "GRA_array_out[4][6]" at g14_row_incr_rand.vhd(42)
Info (10041): Inferred latch for "GRA_array_out[4][5]" at g14_row_incr_rand.vhd(42)
Info (10041): Inferred latch for "GRA_array_out[4][4]" at g14_row_incr_rand.vhd(42)
Info (10041): Inferred latch for "GRA_array_out[4][3]" at g14_row_incr_rand.vhd(42)
Info (10041): Inferred latch for "GRA_array_out[4][2]" at g14_row_incr_rand.vhd(42)
Info (10041): Inferred latch for "GRA_array_out[4][1]" at g14_row_incr_rand.vhd(42)
Info (10041): Inferred latch for "GRA_array_out[4][0]" at g14_row_incr_rand.vhd(42)
Info (10041): Inferred latch for "GRA_array_out[3][13]" at g14_row_incr_rand.vhd(42)
Info (10041): Inferred latch for "GRA_array_out[3][12]" at g14_row_incr_rand.vhd(42)
Info (10041): Inferred latch for "GRA_array_out[3][11]" at g14_row_incr_rand.vhd(42)
Info (10041): Inferred latch for "GRA_array_out[3][10]" at g14_row_incr_rand.vhd(42)
Info (10041): Inferred latch for "GRA_array_out[3][9]" at g14_row_incr_rand.vhd(42)
Info (10041): Inferred latch for "GRA_array_out[3][8]" at g14_row_incr_rand.vhd(42)
Info (10041): Inferred latch for "GRA_array_out[3][7]" at g14_row_incr_rand.vhd(42)
Info (10041): Inferred latch for "GRA_array_out[3][6]" at g14_row_incr_rand.vhd(42)
Info (10041): Inferred latch for "GRA_array_out[3][5]" at g14_row_incr_rand.vhd(42)
Info (10041): Inferred latch for "GRA_array_out[3][4]" at g14_row_incr_rand.vhd(42)
Info (10041): Inferred latch for "GRA_array_out[3][3]" at g14_row_incr_rand.vhd(42)
Info (10041): Inferred latch for "GRA_array_out[3][2]" at g14_row_incr_rand.vhd(42)
Info (10041): Inferred latch for "GRA_array_out[3][1]" at g14_row_incr_rand.vhd(42)
Info (10041): Inferred latch for "GRA_array_out[3][0]" at g14_row_incr_rand.vhd(42)
Info (10041): Inferred latch for "GRA_array_out[2][13]" at g14_row_incr_rand.vhd(42)
Info (10041): Inferred latch for "GRA_array_out[2][12]" at g14_row_incr_rand.vhd(42)
Info (10041): Inferred latch for "GRA_array_out[2][11]" at g14_row_incr_rand.vhd(42)
Info (10041): Inferred latch for "GRA_array_out[2][10]" at g14_row_incr_rand.vhd(42)
Info (10041): Inferred latch for "GRA_array_out[2][9]" at g14_row_incr_rand.vhd(42)
Info (10041): Inferred latch for "GRA_array_out[2][8]" at g14_row_incr_rand.vhd(42)
Info (10041): Inferred latch for "GRA_array_out[2][7]" at g14_row_incr_rand.vhd(42)
Info (10041): Inferred latch for "GRA_array_out[2][6]" at g14_row_incr_rand.vhd(42)
Info (10041): Inferred latch for "GRA_array_out[2][5]" at g14_row_incr_rand.vhd(42)
Info (10041): Inferred latch for "GRA_array_out[2][4]" at g14_row_incr_rand.vhd(42)
Info (10041): Inferred latch for "GRA_array_out[2][3]" at g14_row_incr_rand.vhd(42)
Info (10041): Inferred latch for "GRA_array_out[2][2]" at g14_row_incr_rand.vhd(42)
Info (10041): Inferred latch for "GRA_array_out[2][1]" at g14_row_incr_rand.vhd(42)
Info (10041): Inferred latch for "GRA_array_out[2][0]" at g14_row_incr_rand.vhd(42)
Info (10041): Inferred latch for "GRA_array_out[1][13]" at g14_row_incr_rand.vhd(42)
Info (10041): Inferred latch for "GRA_array_out[1][12]" at g14_row_incr_rand.vhd(42)
Info (10041): Inferred latch for "GRA_array_out[1][11]" at g14_row_incr_rand.vhd(42)
Info (10041): Inferred latch for "GRA_array_out[1][10]" at g14_row_incr_rand.vhd(42)
Info (10041): Inferred latch for "GRA_array_out[1][9]" at g14_row_incr_rand.vhd(42)
Info (10041): Inferred latch for "GRA_array_out[1][8]" at g14_row_incr_rand.vhd(42)
Info (10041): Inferred latch for "GRA_array_out[1][7]" at g14_row_incr_rand.vhd(42)
Info (10041): Inferred latch for "GRA_array_out[1][6]" at g14_row_incr_rand.vhd(42)
Info (10041): Inferred latch for "GRA_array_out[1][5]" at g14_row_incr_rand.vhd(42)
Info (10041): Inferred latch for "GRA_array_out[1][4]" at g14_row_incr_rand.vhd(42)
Info (10041): Inferred latch for "GRA_array_out[1][3]" at g14_row_incr_rand.vhd(42)
Info (10041): Inferred latch for "GRA_array_out[1][2]" at g14_row_incr_rand.vhd(42)
Info (10041): Inferred latch for "GRA_array_out[1][1]" at g14_row_incr_rand.vhd(42)
Info (10041): Inferred latch for "GRA_array_out[1][0]" at g14_row_incr_rand.vhd(42)
Info (10041): Inferred latch for "GRA_array_out[0][13]" at g14_row_incr_rand.vhd(42)
Info (10041): Inferred latch for "GRA_array_out[0][12]" at g14_row_incr_rand.vhd(42)
Info (10041): Inferred latch for "GRA_array_out[0][11]" at g14_row_incr_rand.vhd(42)
Info (10041): Inferred latch for "GRA_array_out[0][10]" at g14_row_incr_rand.vhd(42)
Info (10041): Inferred latch for "GRA_array_out[0][9]" at g14_row_incr_rand.vhd(42)
Info (10041): Inferred latch for "GRA_array_out[0][8]" at g14_row_incr_rand.vhd(42)
Info (10041): Inferred latch for "GRA_array_out[0][7]" at g14_row_incr_rand.vhd(42)
Info (10041): Inferred latch for "GRA_array_out[0][6]" at g14_row_incr_rand.vhd(42)
Info (10041): Inferred latch for "GRA_array_out[0][5]" at g14_row_incr_rand.vhd(42)
Info (10041): Inferred latch for "GRA_array_out[0][4]" at g14_row_incr_rand.vhd(42)
Info (10041): Inferred latch for "GRA_array_out[0][3]" at g14_row_incr_rand.vhd(42)
Info (10041): Inferred latch for "GRA_array_out[0][2]" at g14_row_incr_rand.vhd(42)
Info (10041): Inferred latch for "GRA_array_out[0][1]" at g14_row_incr_rand.vhd(42)
Info (10041): Inferred latch for "GRA_array_out[0][0]" at g14_row_incr_rand.vhd(42)
Info (10041): Inferred latch for "ASP_c_7[2]" at g14_row_incr_rand.vhd(42)
Info (10041): Inferred latch for "ASP_c_7[1]" at g14_row_incr_rand.vhd(42)
Info (10041): Inferred latch for "ASP_c_7[0]" at g14_row_incr_rand.vhd(42)
Info (10041): Inferred latch for "ASP_r_7[2]" at g14_row_incr_rand.vhd(42)
Info (10041): Inferred latch for "ASP_r_7[1]" at g14_row_incr_rand.vhd(42)
Info (10041): Inferred latch for "ASP_r_7[0]" at g14_row_incr_rand.vhd(42)
Info (10041): Inferred latch for "ASP_c_6[2]" at g14_row_incr_rand.vhd(42)
Info (10041): Inferred latch for "ASP_c_6[1]" at g14_row_incr_rand.vhd(42)
Info (10041): Inferred latch for "ASP_c_6[0]" at g14_row_incr_rand.vhd(42)
Info (10041): Inferred latch for "ASP_r_6[2]" at g14_row_incr_rand.vhd(42)
Info (10041): Inferred latch for "ASP_r_6[1]" at g14_row_incr_rand.vhd(42)
Info (10041): Inferred latch for "ASP_r_6[0]" at g14_row_incr_rand.vhd(42)
Info (10041): Inferred latch for "ASP_c_5[2]" at g14_row_incr_rand.vhd(42)
Info (10041): Inferred latch for "ASP_c_5[1]" at g14_row_incr_rand.vhd(42)
Info (10041): Inferred latch for "ASP_c_5[0]" at g14_row_incr_rand.vhd(42)
Info (10041): Inferred latch for "ASP_r_5[2]" at g14_row_incr_rand.vhd(42)
Info (10041): Inferred latch for "ASP_r_5[1]" at g14_row_incr_rand.vhd(42)
Info (10041): Inferred latch for "ASP_r_5[0]" at g14_row_incr_rand.vhd(42)
Info (10041): Inferred latch for "ASP_c_4[2]" at g14_row_incr_rand.vhd(42)
Info (10041): Inferred latch for "ASP_c_4[1]" at g14_row_incr_rand.vhd(42)
Info (10041): Inferred latch for "ASP_c_4[0]" at g14_row_incr_rand.vhd(42)
Info (10041): Inferred latch for "ASP_r_4[2]" at g14_row_incr_rand.vhd(42)
Info (10041): Inferred latch for "ASP_r_4[1]" at g14_row_incr_rand.vhd(42)
Info (10041): Inferred latch for "ASP_r_4[0]" at g14_row_incr_rand.vhd(42)
Info (10041): Inferred latch for "ASP_c_3[2]" at g14_row_incr_rand.vhd(42)
Info (10041): Inferred latch for "ASP_c_3[1]" at g14_row_incr_rand.vhd(42)
Info (10041): Inferred latch for "ASP_c_3[0]" at g14_row_incr_rand.vhd(42)
Info (10041): Inferred latch for "ASP_r_3[2]" at g14_row_incr_rand.vhd(42)
Info (10041): Inferred latch for "ASP_r_3[1]" at g14_row_incr_rand.vhd(42)
Info (10041): Inferred latch for "ASP_r_3[0]" at g14_row_incr_rand.vhd(42)
Info (10041): Inferred latch for "ASP_c_2[2]" at g14_row_incr_rand.vhd(42)
Info (10041): Inferred latch for "ASP_c_2[1]" at g14_row_incr_rand.vhd(42)
Info (10041): Inferred latch for "ASP_c_2[0]" at g14_row_incr_rand.vhd(42)
Info (10041): Inferred latch for "ASP_r_2[2]" at g14_row_incr_rand.vhd(42)
Info (10041): Inferred latch for "ASP_r_2[1]" at g14_row_incr_rand.vhd(42)
Info (10041): Inferred latch for "ASP_r_2[0]" at g14_row_incr_rand.vhd(42)
Info (10041): Inferred latch for "ASP_c_1[2]" at g14_row_incr_rand.vhd(42)
Info (10041): Inferred latch for "ASP_c_1[1]" at g14_row_incr_rand.vhd(42)
Info (10041): Inferred latch for "ASP_c_1[0]" at g14_row_incr_rand.vhd(42)
Info (10041): Inferred latch for "ASP_r_1[2]" at g14_row_incr_rand.vhd(42)
Info (10041): Inferred latch for "ASP_r_1[1]" at g14_row_incr_rand.vhd(42)
Info (10041): Inferred latch for "ASP_r_1[0]" at g14_row_incr_rand.vhd(42)
Info (10041): Inferred latch for "no_reg" at g14_row_incr_rand.vhd(42)
Info (10041): Inferred latch for "ASP_c_0[2]" at g14_row_incr_rand.vhd(42)
Info (10041): Inferred latch for "ASP_c_0[1]" at g14_row_incr_rand.vhd(42)
Info (10041): Inferred latch for "ASP_c_0[0]" at g14_row_incr_rand.vhd(42)
Info (10041): Inferred latch for "ASP_r_0[2]" at g14_row_incr_rand.vhd(42)
Info (10041): Inferred latch for "ASP_r_0[1]" at g14_row_incr_rand.vhd(42)
Info (10041): Inferred latch for "ASP_r_0[0]" at g14_row_incr_rand.vhd(42)
Warning: Design contains 1 input pin(s) that do not drive logic
    Warning (15610): No output dependent on input pin "ASP_lrow[0]"
Info: Implemented 646 device resources after synthesis - the final resource count might be different
    Info: Implemented 111 input pins
    Info: Implemented 155 output pins
    Info: Implemented 380 logic cells
Info: Quartus II Analysis & Synthesis was successful. 0 errors, 21 warnings
    Info: Peak virtual memory: 218 megabytes
    Info: Processing ended: Mon Oct 31 14:46:10 2011
    Info: Elapsed time: 00:00:15
    Info: Total CPU time (on all processors): 00:00:08


